-------------------------------------------------------------------------------
Test set: com.poliweb.modelo.ProductoTest
-------------------------------------------------------------------------------
Tests run: 4, Failures: 0, Errors: 4, Skipped: 0, Time elapsed: 0.039 s <<< FAILURE! -- in com.poliweb.modelo.ProductoTest
com.poliweb.modelo.ProductoTest.buscarProductosPorNombreCaseInsensitive -- Time elapsed: 0.022 s <<< ERROR!
com.poliweb.modelo.NoProductosEncontradosException: No se encontraron productos con el nombre: java
	at com.poliweb.modelo.Producto.buscarProductosPorNombre(Producto.java:43)
	at com.poliweb.modelo.ProductoTest.buscarProductosPorNombreCaseInsensitive(ProductoTest.java:30)
	at java.base/java.lang.reflect.Method.invoke(Method.java:580)
	at java.base/java.util.ArrayList.forEach(ArrayList.java:1596)
	at java.base/java.util.ArrayList.forEach(ArrayList.java:1596)

com.poliweb.modelo.ProductoTest.buscarProductosPorRangoDePrecios -- Time elapsed: 0.003 s <<< ERROR!
com.poliweb.modelo.NoProductosEncontradosException: No se encontraron productos con el precio indicado
	at com.poliweb.modelo.Producto.buscarProductosPorPrecio(Producto.java:56)
	at com.poliweb.modelo.ProductoTest.buscarProductosPorRangoDePrecios(ProductoTest.java:41)
	at java.base/java.lang.reflect.Method.invoke(Method.java:580)
	at java.base/java.util.ArrayList.forEach(ArrayList.java:1596)
	at java.base/java.util.ArrayList.forEach(ArrayList.java:1596)

com.poliweb.modelo.ProductoTest.validarFormatoCodigoEstudiante -- Time elapsed: 0.006 s <<< ERROR!
com.poliweb.modelo.ProductoException: El código de estudiante debe ser numérico
	at com.poliweb.modelo.Producto.validarProducto(Producto.java:72)
	at com.poliweb.modelo.ProductoTest.validarFormatoCodigoEstudiante(ProductoTest.java:22)
	at java.base/java.lang.reflect.Method.invoke(Method.java:580)
	at java.base/java.util.ArrayList.forEach(ArrayList.java:1596)
	at java.base/java.util.ArrayList.forEach(ArrayList.java:1596)

com.poliweb.modelo.ProductoTest.validarProductoConCamposVacios -- Time elapsed: 0.002 s <<< ERROR!
com.poliweb.modelo.ProductoException: El código de estudiante es obligatorio
	at com.poliweb.modelo.Producto.validarProducto(Producto.java:67)
	at com.poliweb.modelo.ProductoTest.validarProductoConCamposVacios(ProductoTest.java:13)
	at java.base/java.lang.reflect.Method.invoke(Method.java:580)
	at java.base/java.util.ArrayList.forEach(ArrayList.java:1596)
	at java.base/java.util.ArrayList.forEach(ArrayList.java:1596)

