<?xml version="1.0" encoding="UTF-8"?>
<testsuite xmlns:xsi="http://www.w3.org/2001/XMLSchema-instance" xsi:noNamespaceSchemaLocation="https://maven.apache.org/surefire/maven-surefire-plugin/xsd/surefire-test-report-3.0.xsd" version="3.0" name="com.poliweb.modelo.ProductoTest" time="0.029" tests="8" errors="0" skipped="0" failures="0">
  <properties>
[...]
</properties>
  <testcase name="buscarProductosPorNombreCaseInsensitive" classname="com.poliweb.modelo.ProductoTest" time="0.006">
    <system-out><![CDATA[setUp()
Test 3
tearDown()
]]></system-out>
  </testcase>
  <testcase name="crear2ProductosIdenticos" classname="com.poliweb.modelo.ProductoTest" time="0.004">
    <system-out><![CDATA[setUp()
Test 7
tearDown()
]]></system-out>
  </testcase>
  <testcase name="buscarProductosPorRangoDePrecios" classname="com.poliweb.modelo.ProductoTest" time="0.002">
    <system-out><![CDATA[setUp()
Test 4
tearDown()
]]></system-out>
  </testcase>
  <testcase name="validarFormatoCodigoEstudiante" classname="com.poliweb.modelo.ProductoTest" time="0.007">
    <system-out><![CDATA[setUp()
Test 2
Error al validar el código: El código de estudiante debe tener exactamente 9 dígitos numéricos
Error al validar el código: El código de estudiante debe tener exactamente 9 dígitos numéricos
tearDown()
]]></system-out>
  </testcase>
  <testcase name="crearProductoConExito" classname="com.poliweb.modelo.ProductoTest" time="0.002">
    <system-out><![CDATA[setUp()
Test 5
tearDown()
]]></system-out>
  </testcase>
  <testcase name="validarProductoConCamposVacios" classname="com.poliweb.modelo.ProductoTest" time="0.002">
    <system-out><![CDATA[setUp()
Test 1
Error al validar el producto: El código de estudiante es obligatorio
tearDown()
]]></system-out>
  </testcase>
  <testcase name="crearProductoSinNumeroContacto" classname="com.poliweb.modelo.ProductoTest" time="0.0">
    <system-out><![CDATA[setUp()
Test 8
Error al validar el producto: El código de estudiante debe tener exactamente 9 dígitos numéricos
tearDown()
]]></system-out>
  </testcase>
  <testcase name="buscarProductosSimilares" classname="com.poliweb.modelo.ProductoTest" time="0.001">
    <system-out><![CDATA[setUp()
Test 6
libro de Ingles Avanzado 1
libro de Ingles Avanzado 2
libro de Ingles Basico 1
tearDown()
]]></system-out>
  </testcase>
</testsuite>