<?xml version="1.0" encoding="UTF-8"?>
<testsuite xmlns:xsi="http://www.w3.org/2001/XMLSchema-instance" xsi:noNamespaceSchemaLocation="https://maven.apache.org/surefire/maven-surefire-plugin/xsd/surefire-test-report-3.0.xsd" version="3.0" name="com.poliweb.modelo.ProductoParametersTest" time="0.029" tests="15" errors="0" skipped="0" failures="0">
  <properties>
[...]
</properties>
  <testcase name="given_parameters_when_buscarProductosPorNombre_then_ok[0]" classname="com.poliweb.modelo.ProductoParametersTest" time="0.0">
    <system-out><![CDATA[Test 2
]]></system-out>
  </testcase>
  <testcase name="given_parameters_when_buscarProductosPorPrecio_then_ok[0]" classname="com.poliweb.modelo.ProductoParametersTest" time="0.0">
    <system-out><![CDATA[Test 3
]]></system-out>
  </testcase>
  <testcase name="given_parameters_when_validarProducto_then_ok[0]" classname="com.poliweb.modelo.ProductoParametersTest" time="0.0">
    <system-out><![CDATA[Test 1
]]></system-out>
  </testcase>
  <testcase name="given_parameters_when_buscarProductosPorNombre_then_ok[1]" classname="com.poliweb.modelo.ProductoParametersTest" time="0.0">
    <system-out><![CDATA[Test 2
]]></system-out>
  </testcase>
  <testcase name="given_parameters_when_buscarProductosPorPrecio_then_ok[1]" classname="com.poliweb.modelo.ProductoParametersTest" time="0.0">
    <system-out><![CDATA[Test 3
]]></system-out>
  </testcase>
  <testcase name="given_parameters_when_validarProducto_then_ok[1]" classname="com.poliweb.modelo.ProductoParametersTest" time="0.0">
    <system-out><![CDATA[Test 1
]]></system-out>
  </testcase>
  <testcase name="given_parameters_when_buscarProductosPorNombre_then_ok[2]" classname="com.poliweb.modelo.ProductoParametersTest" time="0.0">
    <system-out><![CDATA[Test 2
]]></system-out>
  </testcase>
  <testcase name="given_parameters_when_buscarProductosPorPrecio_then_ok[2]" classname="com.poliweb.modelo.ProductoParametersTest" time="0.0">
    <system-out><![CDATA[Test 3
]]></system-out>
  </testcase>
  <testcase name="given_parameters_when_validarProducto_then_ok[2]" classname="com.poliweb.modelo.ProductoParametersTest" time="0.0">
    <system-out><![CDATA[Test 1
]]></system-out>
  </testcase>
  <testcase name="given_parameters_when_buscarProductosPorNombre_then_ok[3]" classname="com.poliweb.modelo.ProductoParametersTest" time="0.0">
    <system-out><![CDATA[Test 2
]]></system-out>
  </testcase>
  <testcase name="given_parameters_when_buscarProductosPorPrecio_then_ok[3]" classname="com.poliweb.modelo.ProductoParametersTest" time="0.0">
    <system-out><![CDATA[Test 3
]]></system-out>
  </testcase>
  <testcase name="given_parameters_when_validarProducto_then_ok[3]" classname="com.poliweb.modelo.ProductoParametersTest" time="0.008">
    <system-out><![CDATA[Test 1
]]></system-out>
  </testcase>
  <testcase name="given_parameters_when_buscarProductosPorNombre_then_ok[4]" classname="com.poliweb.modelo.ProductoParametersTest" time="0.0">
    <system-out><![CDATA[Test 2
]]></system-out>
  </testcase>
  <testcase name="given_parameters_when_buscarProductosPorPrecio_then_ok[4]" classname="com.poliweb.modelo.ProductoParametersTest" time="0.002">
    <system-out><![CDATA[Test 3
]]></system-out>
  </testcase>
  <testcase name="given_parameters_when_validarProducto_then_ok[4]" classname="com.poliweb.modelo.ProductoParametersTest" time="0.0">
    <system-out><![CDATA[Test 1
]]></system-out>
  </testcase>
</testsuite>